CRITICAL - 2023-03-23 10:57:02 --> Undefined variable $id
in APPPATH\Views\kelola_lapangan.php on line 38.
 1 APPPATH\Views\kelola_lapangan.php(38): CodeIgniter\Debug\Exceptions->errorHandler(2, 'Undefined variable $id', 'APPPATH\\Views\\kelola_lapangan.php', 38)
 2 SYSTEMPATH\View\View.php(213): include('APPPATH\\Views\\kelola_lapangan.php')
 3 SYSTEMPATH\View\View.php(216): CodeIgniter\View\View->CodeIgniter\View\{closure}()
 4 SYSTEMPATH\Common.php(1184): CodeIgniter\View\View->render('kelola_lapangan', [], true)
 5 APPPATH\Controllers\Lapangan.php(21): view('kelola_lapangan', [...])
 6 SYSTEMPATH\CodeIgniter.php(934): App\Controllers\Lapangan->index()
 7 SYSTEMPATH\CodeIgniter.php(499): CodeIgniter\CodeIgniter->runController(Object(App\Controllers\Lapangan))
 8 SYSTEMPATH\CodeIgniter.php(368): CodeIgniter\CodeIgniter->handleRequest(null, Object(Config\Cache), false)
 9 FCPATH\index.php(67): CodeIgniter\CodeIgniter->run()
CRITICAL - 2023-03-23 10:57:39 --> Undefined array key "id_kamar"
in APPPATH\Views\kelola_lapangan.php on line 43.
 1 APPPATH\Views\kelola_lapangan.php(43): CodeIgniter\Debug\Exceptions->errorHandler(2, 'Undefined array key "id_kamar"', 'APPPATH\\Views\\kelola_lapangan.php', 43)
 2 SYSTEMPATH\View\View.php(213): include('APPPATH\\Views\\kelola_lapangan.php')
 3 SYSTEMPATH\View\View.php(216): CodeIgniter\View\View->CodeIgniter\View\{closure}()
 4 SYSTEMPATH\Common.php(1184): CodeIgniter\View\View->render('kelola_lapangan', [], true)
 5 APPPATH\Controllers\Lapangan.php(21): view('kelola_lapangan', [...])
 6 SYSTEMPATH\CodeIgniter.php(934): App\Controllers\Lapangan->index()
 7 SYSTEMPATH\CodeIgniter.php(499): CodeIgniter\CodeIgniter->runController(Object(App\Controllers\Lapangan))
 8 SYSTEMPATH\CodeIgniter.php(368): CodeIgniter\CodeIgniter->handleRequest(null, Object(Config\Cache), false)
 9 FCPATH\index.php(67): CodeIgniter\CodeIgniter->run()
